[    26.364] (--) Log file renamed from "/home/icps/.local/share/xorg/Xorg.pid-1316.log" to "/home/icps/.local/share/xorg/Xorg.0.log"
[    26.365] 
X.Org X Server 1.20.13
X Protocol Version 11, Revision 0
[    26.365] Build Operating System: linux Ubuntu
[    26.365] Current Operating System: Linux icps 5.15.0-67-generic #74~20.04.1-Ubuntu SMP Wed Feb 22 14:52:34 UTC 2023 x86_64
[    26.365] Kernel command line: BOOT_IMAGE=/boot/vmlinuz-5.15.0-67-generic root=UUID=55df4a05-ca04-4e18-a310-946624494261 ro quiet splash vt.handoff=7
[    26.365] Build Date: 07 February 2023  12:48:13PM
[    26.365] xorg-server 2:1.20.13-1ubuntu1~20.04.6 (For technical support please see http://www.ubuntu.com/support) 
[    26.365] Current version of pixman: 0.38.4
[    26.365] 	Before reporting problems, check http://wiki.x.org
	to make sure that you have the latest version.
[    26.365] Markers: (--) probed, (**) from config file, (==) default setting,
	(++) from command line, (!!) notice, (II) informational,
	(WW) warning, (EE) error, (NI) not implemented, (??) unknown.
[    26.365] (==) Log file: "/home/icps/.local/share/xorg/Xorg.0.log", Time: Wed Sep 13 16:40:40 2023
[    26.366] (==) Using system config directory "/usr/share/X11/xorg.conf.d"
[    26.367] (==) No Layout section.  Using the first Screen section.
[    26.367] (==) No screen section available. Using defaults.
[    26.367] (**) |-->Screen "Default Screen Section" (0)
[    26.367] (**) |   |-->Monitor "<default monitor>"
[    26.367] (==) No monitor specified for screen "Default Screen Section".
	Using a default monitor configuration.
[    26.367] (==) Automatically adding devices
[    26.367] (==) Automatically enabling devices
[    26.367] (==) Automatically adding GPU devices
[    26.367] (==) Automatically binding GPU devices
[    26.367] (==) Max clients allowed: 256, resource mask: 0x1fffff
[    26.368] (WW) The directory "/usr/share/fonts/X11/cyrillic" does not exist.
[    26.368] 	Entry deleted from font path.
[    26.368] (WW) The directory "/usr/share/fonts/X11/100dpi/" does not exist.
[    26.368] 	Entry deleted from font path.
[    26.368] (WW) The directory "/usr/share/fonts/X11/75dpi/" does not exist.
[    26.368] 	Entry deleted from font path.
[    26.368] (WW) The directory "/usr/share/fonts/X11/100dpi" does not exist.
[    26.368] 	Entry deleted from font path.
[    26.368] (WW) The directory "/usr/share/fonts/X11/75dpi" does not exist.
[    26.368] 	Entry deleted from font path.
[    26.368] (==) FontPath set to:
	/usr/share/fonts/X11/misc,
	/usr/share/fonts/X11/Type1,
	built-ins
[    26.368] (==) ModulePath set to "/usr/lib/xorg/modules"
[    26.368] (II) The server relies on udev to provide the list of input devices.
	If no devices become available, reconfigure udev or disable AutoAddDevices.
[    26.368] (II) Loader magic: 0x55870da03020
[    26.368] (II) Module ABI versions:
[    26.368] 	X.Org ANSI C Emulation: 0.4
[    26.368] 	X.Org Video Driver: 24.1
[    26.368] 	X.Org XInput driver : 24.1
[    26.368] 	X.Org Server Extension : 10.0
[    26.369] (++) using VT number 2

[    26.370] (II) systemd-logind: took control of session /org/freedesktop/login1/session/_32
[    26.371] (II) xfree86: Adding drm device (/dev/dri/card0)
[    26.372] (II) systemd-logind: got fd for /dev/dri/card0 226:0 fd 12 paused 0
[    26.376] (--) PCI:*(0@0:1:0) 1b36:0100:1af4:1100 rev 4, Mem @ 0xf4000000/67108864, 0xf8000000/67108864, 0xfcc14000/8192, I/O @ 0x0000c040/32, BIOS @ 0x????????/131072
[    26.376] (II) LoadModule: "glx"
[    26.377] (II) Loading /usr/lib/xorg/modules/extensions/libglx.so
[    26.379] (II) Module glx: vendor="X.Org Foundation"
[    26.379] 	compiled for 1.20.13, module version = 1.0.0
[    26.379] 	ABI class: X.Org Server Extension, version 10.0
[    26.379] (==) Matched qxl as autoconfigured driver 0
[    26.379] (==) Matched modesetting as autoconfigured driver 1
[    26.379] (==) Matched fbdev as autoconfigured driver 2
[    26.379] (==) Matched vesa as autoconfigured driver 3
[    26.379] (==) Assigned the driver to the xf86ConfigLayout
[    26.379] (II) LoadModule: "qxl"
[    26.379] (II) Loading /usr/lib/xorg/modules/drivers/qxl_drv.so
[    26.380] (II) Module qxl: vendor="X.Org Foundation"
[    26.380] 	compiled for 1.20.7, module version = 0.1.5
[    26.380] 	Module class: X.Org Video Driver
[    26.380] 	ABI class: X.Org Video Driver, version 24.1
[    26.380] (II) LoadModule: "modesetting"
[    26.380] (II) Loading /usr/lib/xorg/modules/drivers/modesetting_drv.so
[    26.381] (II) Module modesetting: vendor="X.Org Foundation"
[    26.381] 	compiled for 1.20.13, module version = 1.20.13
[    26.381] 	Module class: X.Org Video Driver
[    26.381] 	ABI class: X.Org Video Driver, version 24.1
[    26.381] (II) LoadModule: "fbdev"
[    26.381] (II) Loading /usr/lib/xorg/modules/drivers/fbdev_drv.so
[    26.381] (II) Module fbdev: vendor="X.Org Foundation"
[    26.381] 	compiled for 1.20.1, module version = 0.5.0
[    26.381] 	Module class: X.Org Video Driver
[    26.381] 	ABI class: X.Org Video Driver, version 24.0
[    26.381] (II) LoadModule: "vesa"
[    26.381] (II) Loading /usr/lib/xorg/modules/drivers/vesa_drv.so
[    26.382] (II) Module vesa: vendor="X.Org Foundation"
[    26.382] 	compiled for 1.20.4, module version = 2.4.0
[    26.382] 	Module class: X.Org Video Driver
[    26.382] 	ABI class: X.Org Video Driver, version 24.0
[    26.382] (II) qxl: Driver for QXL virtual graphics: QXL 1
[    26.382] (II) modesetting: Driver for Modesetting Kernel Drivers: kms
[    26.382] (II) FBDEV: driver for framebuffer: fbdev
[    26.382] (II) VESA: driver for VESA chipsets: vesa
[    26.382] xf86EnableIOPorts: failed to set IOPL for I/O (Operation not permitted)
[    26.382] (II) [KMS] Kernel modesetting enabled.
[    26.382] (WW) Falling back to old probe method for modesetting
[    26.382] (WW) Falling back to old probe method for fbdev
[    26.382] (II) Loading sub module "fbdevhw"
[    26.382] (II) LoadModule: "fbdevhw"
[    26.382] (II) Loading /usr/lib/xorg/modules/libfbdevhw.so
[    26.383] (II) Module fbdevhw: vendor="X.Org Foundation"
[    26.383] 	compiled for 1.20.13, module version = 0.0.2
[    26.383] 	ABI class: X.Org Video Driver, version 24.1
[    26.383] (EE) open /dev/fb0: Permission denied
[    26.383] (WW) VGA arbiter: cannot open kernel arbiter, no multi-card support
[    26.383] (II) qxl(0): Creating default Display subsection in Screen section
	"Default Screen Section" for depth/fbbpp 24/32
[    26.383] (==) qxl(0): Depth 24, (--) framebuffer bpp 32
[    26.383] (==) qxl(0): RGB weight 888
[    26.383] (==) qxl(0): Default visual is TrueColor
[    26.383] (==) qxl(0): Using gamma correction (1.0, 1.0, 1.0)
[    26.383] (II) qxl(0): Deferred Frames: Disabled
[    26.383] (II) qxl(0): Offscreen Surfaces: Enabled
[    26.383] (II) qxl(0): Image Cache: Enabled
[    26.383] (II) qxl(0): Fallback Cache: Enabled
[    26.383] (==) qxl(0): DPI set to (96, 96)
[    26.383] (II) Loading sub module "fb"
[    26.383] (II) LoadModule: "fb"
[    26.383] (II) Loading /usr/lib/xorg/modules/libfb.so
[    26.384] (II) Module fb: vendor="X.Org Foundation"
[    26.384] 	compiled for 1.20.13, module version = 1.0.0
[    26.384] 	ABI class: X.Org ANSI C Emulation, version 0.4
[    26.384] (II) Loading sub module "ramdac"
[    26.384] (II) LoadModule: "ramdac"
[    26.384] (II) Module "ramdac" already built-in
[    26.385] (II) qxl(0): Output Virtual-1 has no monitor section
[    26.385] (II) qxl(0): Output Virtual-2 has no monitor section
[    26.385] (II) qxl(0): Output Virtual-3 has no monitor section
[    26.385] (II) qxl(0): Output Virtual-4 has no monitor section
[    26.385] (II) qxl(0): EDID for output Virtual-1
[    26.385] (II) qxl(0): Printing probed modes for output Virtual-1
[    26.385] (II) qxl(0): Modeline "1024x768"x60.0   65.00  1024 1048 1184 1344  768 771 777 806 -hsync -vsync (48.4 kHz eP)
[    26.385] (II) qxl(0): Modeline "2560x1600"x60.0  348.50  2560 2752 3032 3504  1600 1603 1609 1658 -hsync +vsync (99.5 kHz e)
[    26.385] (II) qxl(0): Modeline "2560x1600"x60.0  268.50  2560 2608 2640 2720  1600 1603 1609 1646 +hsync -vsync (98.7 kHz e)
[    26.385] (II) qxl(0): Modeline "1920x1440"x60.0  234.00  1920 2048 2256 2600  1440 1441 1444 1500 -hsync +vsync (90.0 kHz e)
[    26.385] (II) qxl(0): Modeline "1856x1392"x60.0  218.25  1856 1952 2176 2528  1392 1393 1396 1439 -hsync +vsync (86.3 kHz e)
[    26.385] (II) qxl(0): Modeline "1792x1344"x60.0  204.75  1792 1920 2120 2448  1344 1345 1348 1394 -hsync +vsync (83.6 kHz e)
[    26.385] (II) qxl(0): Modeline "2048x1152"x60.0  162.00  2048 2074 2154 2250  1152 1153 1156 1200 +hsync +vsync (72.0 kHz e)
[    26.385] (II) qxl(0): Modeline "1920x1200"x59.9  193.25  1920 2056 2256 2592  1200 1203 1209 1245 -hsync +vsync (74.6 kHz e)
[    26.385] (II) qxl(0): Modeline "1920x1200"x60.0  154.00  1920 1968 2000 2080  1200 1203 1209 1235 +hsync -vsync (74.0 kHz e)
[    26.385] (II) qxl(0): Modeline "1920x1080"x60.0  148.50  1920 2008 2052 2200  1080 1084 1089 1125 -hsync -vsync (67.5 kHz e)
[    26.385] (II) qxl(0): Modeline "1600x1200"x60.0  162.00  1600 1664 1856 2160  1200 1201 1204 1250 +hsync +vsync (75.0 kHz e)
[    26.385] (II) qxl(0): Modeline "1680x1050"x60.0  146.25  1680 1784 1960 2240  1050 1053 1059 1089 -hsync +vsync (65.3 kHz e)
[    26.385] (II) qxl(0): Modeline "1680x1050"x59.9  119.00  1680 1728 1760 1840  1050 1053 1059 1080 +hsync -vsync (64.7 kHz e)
[    26.385] (II) qxl(0): Modeline "1400x1050"x60.0  121.75  1400 1488 1632 1864  1050 1053 1057 1089 -hsync +vsync (65.3 kHz e)
[    26.385] (II) qxl(0): Modeline "1400x1050"x59.9  101.00  1400 1448 1480 1560  1050 1053 1057 1080 +hsync -vsync (64.7 kHz e)
[    26.385] (II) qxl(0): Modeline "1600x900"x60.0  108.00  1600 1624 1704 1800  900 901 904 1000 +hsync +vsync (60.0 kHz e)
[    26.385] (II) qxl(0): Modeline "1280x1024"x60.0  108.00  1280 1328 1440 1688  1024 1025 1028 1066 +hsync +vsync (64.0 kHz e)
[    26.385] (II) qxl(0): Modeline "1440x900"x59.9  106.50  1440 1520 1672 1904  900 903 909 934 -hsync +vsync (55.9 kHz e)
[    26.385] (II) qxl(0): Modeline "1440x900"x59.9   88.75  1440 1488 1520 1600  900 903 909 926 +hsync -vsync (55.5 kHz e)
[    26.385] (II) qxl(0): Modeline "1280x960"x60.0  108.00  1280 1376 1488 1800  960 961 964 1000 +hsync +vsync (60.0 kHz e)
[    26.385] (II) qxl(0): Modeline "1280x854"x60.0   89.34  1280 1352 1480 1680  854 857 867 887 -hsync +vsync (53.2 kHz)
[    26.386] (II) qxl(0): Modeline "1366x768"x59.8   85.50  1366 1436 1579 1792  768 771 774 798 +hsync +vsync (47.7 kHz e)
[    26.386] (II) qxl(0): Modeline "1366x768"x60.0   72.00  1366 1380 1436 1500  768 769 772 800 +hsync +vsync (48.0 kHz e)
[    26.386] (II) qxl(0): Modeline "1360x768"x60.0   85.50  1360 1424 1536 1792  768 771 777 795 +hsync +vsync (47.7 kHz e)
[    26.386] (II) qxl(0): Modeline "1280x800"x59.8   83.50  1280 1352 1480 1680  800 803 809 831 -hsync +vsync (49.7 kHz e)
[    26.386] (II) qxl(0): Modeline "1280x800"x59.9   71.00  1280 1328 1360 1440  800 803 809 823 +hsync -vsync (49.3 kHz e)
[    26.386] (II) qxl(0): Modeline "1280x768"x59.9   79.50  1280 1344 1472 1664  768 771 778 798 -hsync +vsync (47.8 kHz e)
[    26.386] (II) qxl(0): Modeline "1280x768"x60.0   68.25  1280 1328 1360 1440  768 771 778 790 +hsync -vsync (47.4 kHz e)
[    26.386] (II) qxl(0): Modeline "1280x720"x60.0   74.25  1280 1390 1430 1650  720 725 730 750 +hsync +vsync (45.0 kHz e)
[    26.386] (II) qxl(0): Modeline "1152x768"x59.9   71.95  1152 1216 1328 1504  768 771 781 798 -hsync +vsync (47.8 kHz)
[    26.386] (II) qxl(0): Modeline "800x600"x60.3   40.00  800 840 968 1056  600 601 605 628 +hsync +vsync (37.9 kHz e)
[    26.386] (II) qxl(0): Modeline "800x600"x56.2   36.00  800 824 896 1024  600 601 603 625 +hsync +vsync (35.2 kHz e)
[    26.386] (II) qxl(0): Modeline "848x480"x60.0   33.75  848 864 976 1088  480 486 494 517 +hsync +vsync (31.0 kHz e)
[    26.386] (II) qxl(0): Modeline "720x480"x59.9   26.85  720 744 808 896  480 483 493 500 -hsync +vsync (30.0 kHz)
[    26.386] (II) qxl(0): Modeline "640x480"x59.9   25.18  640 656 752 800  480 490 492 525 -hsync -vsync (31.5 kHz e)
[    26.386] (II) qxl(0): EDID for output Virtual-2
[    26.386] (II) qxl(0): EDID for output Virtual-3
[    26.386] (II) qxl(0): EDID for output Virtual-4
[    26.386] (II) qxl(0): Output Virtual-1 connected
[    26.386] (II) qxl(0): Output Virtual-2 disconnected
[    26.386] (II) qxl(0): Output Virtual-3 disconnected
[    26.386] (II) qxl(0): Output Virtual-4 disconnected
[    26.386] (II) qxl(0): Using exact sizes for initial modes
[    26.386] (II) qxl(0): Output Virtual-1 using initial mode 1024x768 +0+0
[    26.386] (II) qxl(0): PreInit complete
[    26.386] (II) UnloadModule: "modesetting"
[    26.386] (II) Unloading modesetting
[    26.386] (II) UnloadModule: "fbdev"
[    26.386] (II) Unloading fbdev
[    26.386] (II) UnloadSubModule: "fbdevhw"
[    26.386] (II) Unloading fbdevhw
[    26.386] (II) UnloadModule: "vesa"
[    26.386] (II) Unloading vesa
[    26.387] (II) UXA(0): Driver registered support for the following operations:
[    26.387] (II)         solid
[    26.387] (II)         copy
[    26.387] (II)         composite (RENDER acceleration)
[    26.387] (II)         put_image
[    26.388] resizing primary to 1024x768
[    26.388] primary is 0x55870ee1f0e0
[    26.391] (II) Initializing extension Generic Event Extension
[    26.391] (II) Initializing extension SHAPE
[    26.391] (II) Initializing extension MIT-SHM
[    26.391] (II) Initializing extension XInputExtension
[    26.392] (II) Initializing extension XTEST
[    26.392] (II) Initializing extension BIG-REQUESTS
[    26.392] (II) Initializing extension SYNC
[    26.393] (II) Initializing extension XKEYBOARD
[    26.393] (II) Initializing extension XC-MISC
[    26.393] (II) Initializing extension SECURITY
[    26.393] (II) Initializing extension XFIXES
[    26.393] (II) Initializing extension RENDER
[    26.393] (II) Initializing extension RANDR
[    26.394] (II) Initializing extension COMPOSITE
[    26.394] (II) Initializing extension DAMAGE
[    26.394] (II) Initializing extension MIT-SCREEN-SAVER
[    26.394] (II) Initializing extension DOUBLE-BUFFER
[    26.394] (II) Initializing extension RECORD
[    26.394] (II) Initializing extension DPMS
[    26.394] (II) Initializing extension Present
[    26.394] (II) Initializing extension DRI3
[    26.394] (II) Initializing extension X-Resource
[    26.394] (II) Initializing extension XVideo
[    26.394] (II) Initializing extension XVideo-MotionCompensation
[    26.394] (II) Initializing extension SELinux
[    26.394] (II) SELinux: Disabled on system
[    26.394] (II) Initializing extension GLX
[    26.395] (II) AIGLX: Screen 0 is not DRI2 capable
[    26.425] (II) IGLX: Loaded and initialized swrast
[    26.425] (II) GLX: Initialized DRISWRAST GL provider for screen 0
[    26.425] (II) Initializing extension XFree86-VidModeExtension
[    26.425] (II) Initializing extension XFree86-DGA
[    26.426] (II) Initializing extension XFree86-DRI
[    26.426] (II) Initializing extension DRI2
[    26.426] (II) qxl(0): Setting screen physical size to 270 x 203
[    26.478] (II) config/udev: Adding input device Power Button (/dev/input/event0)
[    26.478] (**) Power Button: Applying InputClass "libinput keyboard catchall"
[    26.478] (II) LoadModule: "libinput"
[    26.479] (II) Loading /usr/lib/xorg/modules/input/libinput_drv.so
[    26.481] (II) Module libinput: vendor="X.Org Foundation"
[    26.481] 	compiled for 1.20.4, module version = 0.29.0
[    26.481] 	Module class: X.Org XInput Driver
[    26.481] 	ABI class: X.Org XInput driver, version 24.1
[    26.481] (II) Using input driver 'libinput' for 'Power Button'
[    26.482] (II) systemd-logind: got fd for /dev/input/event0 13:64 fd 20 paused 0
[    26.482] (**) Power Button: always reports core events
[    26.482] (**) Option "Device" "/dev/input/event0"
[    26.482] (**) Option "_source" "server/udev"
[    26.484] (II) event0  - Power Button: is tagged by udev as: Keyboard
[    26.484] (II) event0  - Power Button: device is a keyboard
[    26.484] (II) event0  - Power Button: device removed
[    26.484] (**) Option "config_info" "udev:/sys/devices/LNXSYSTM:00/LNXPWRBN:00/input/input0/event0"
[    26.484] (II) XINPUT: Adding extended input device "Power Button" (type: KEYBOARD, id 6)
[    26.485] (**) Option "xkb_model" "pc105"
[    26.485] (**) Option "xkb_layout" "us"
[    26.486] (II) event0  - Power Button: is tagged by udev as: Keyboard
[    26.486] (II) event0  - Power Button: device is a keyboard
[    26.487] (II) config/udev: Adding input device QEMU QEMU USB Tablet (/dev/input/event2)
[    26.487] (**) QEMU QEMU USB Tablet: Applying InputClass "libinput pointer catchall"
[    26.487] (II) Using input driver 'libinput' for 'QEMU QEMU USB Tablet'
[    26.550] (II) systemd-logind: got fd for /dev/input/event2 13:66 fd 23 paused 0
[    26.550] (**) QEMU QEMU USB Tablet: always reports core events
[    26.550] (**) Option "Device" "/dev/input/event2"
[    26.550] (**) Option "_source" "server/udev"
[    26.556] (II) event2  - QEMU QEMU USB Tablet: is tagged by udev as: Mouse
[    26.557] (II) event2  - QEMU QEMU USB Tablet: device is a pointer
[    26.557] (II) event2  - QEMU QEMU USB Tablet: device removed
[    26.557] (**) Option "config_info" "udev:/sys/devices/pci0000:00/0000:00:1d.7/usb1/1-1/1-1:1.0/0003:0627:0001.0001/input/input4/event2"
[    26.557] (II) XINPUT: Adding extended input device "QEMU QEMU USB Tablet" (type: MOUSE, id 7)
[    26.557] (**) Option "AccelerationScheme" "none"
[    26.557] (**) QEMU QEMU USB Tablet: (accel) selected scheme none/0
[    26.557] (**) QEMU QEMU USB Tablet: (accel) acceleration factor: 2.000
[    26.557] (**) QEMU QEMU USB Tablet: (accel) acceleration threshold: 4
[    26.561] (II) event2  - QEMU QEMU USB Tablet: is tagged by udev as: Mouse
[    26.561] (II) event2  - QEMU QEMU USB Tablet: device is a pointer
[    26.563] (II) config/udev: Adding input device QEMU QEMU USB Tablet (/dev/input/mouse0)
[    26.563] (II) No input driver specified, ignoring this device.
[    26.563] (II) This device may have been added with another device file.
[    26.565] (II) config/udev: Adding input device AT Translated Set 2 keyboard (/dev/input/event1)
[    26.565] (**) AT Translated Set 2 keyboard: Applying InputClass "libinput keyboard catchall"
[    26.565] (II) Using input driver 'libinput' for 'AT Translated Set 2 keyboard'
[    26.565] (II) systemd-logind: got fd for /dev/input/event1 13:65 fd 24 paused 0
[    26.565] (**) AT Translated Set 2 keyboard: always reports core events
[    26.565] (**) Option "Device" "/dev/input/event1"
[    26.565] (**) Option "_source" "server/udev"
[    26.566] (II) event1  - AT Translated Set 2 keyboard: is tagged by udev as: Keyboard
[    26.566] (II) event1  - AT Translated Set 2 keyboard: device is a keyboard
[    26.566] (II) event1  - AT Translated Set 2 keyboard: device removed
[    26.566] (**) Option "config_info" "udev:/sys/devices/platform/i8042/serio0/input/input1/event1"
[    26.567] (II) XINPUT: Adding extended input device "AT Translated Set 2 keyboard" (type: KEYBOARD, id 8)
[    26.567] (**) Option "xkb_model" "pc105"
[    26.567] (**) Option "xkb_layout" "us"
[    26.568] (II) event1  - AT Translated Set 2 keyboard: is tagged by udev as: Keyboard
[    26.568] (II) event1  - AT Translated Set 2 keyboard: device is a keyboard
[    26.568] (II) config/udev: Adding input device ImExPS/2 Generic Explorer Mouse (/dev/input/event3)
[    26.568] (**) ImExPS/2 Generic Explorer Mouse: Applying InputClass "libinput pointer catchall"
[    26.568] (II) Using input driver 'libinput' for 'ImExPS/2 Generic Explorer Mouse'
[    26.569] (II) systemd-logind: got fd for /dev/input/event3 13:67 fd 25 paused 0
[    26.569] (**) ImExPS/2 Generic Explorer Mouse: always reports core events
[    26.569] (**) Option "Device" "/dev/input/event3"
[    26.569] (**) Option "_source" "server/udev"
[    26.570] (II) event3  - ImExPS/2 Generic Explorer Mouse: is tagged by udev as: Mouse
[    26.570] (II) event3  - ImExPS/2 Generic Explorer Mouse: device is a pointer
[    26.570] (II) event3  - ImExPS/2 Generic Explorer Mouse: device removed
[    26.570] (**) Option "config_info" "udev:/sys/devices/platform/i8042/serio1/input/input3/event3"
[    26.570] (II) XINPUT: Adding extended input device "ImExPS/2 Generic Explorer Mouse" (type: MOUSE, id 9)
[    26.570] (**) Option "AccelerationScheme" "none"
[    26.570] (**) ImExPS/2 Generic Explorer Mouse: (accel) selected scheme none/0
[    26.570] (**) ImExPS/2 Generic Explorer Mouse: (accel) acceleration factor: 2.000
[    26.571] (**) ImExPS/2 Generic Explorer Mouse: (accel) acceleration threshold: 4
[    26.571] (II) event3  - ImExPS/2 Generic Explorer Mouse: is tagged by udev as: Mouse
[    26.572] (II) event3  - ImExPS/2 Generic Explorer Mouse: device is a pointer
[    26.572] (II) config/udev: Adding input device ImExPS/2 Generic Explorer Mouse (/dev/input/mouse1)
[    26.572] (II) No input driver specified, ignoring this device.
[    26.572] (II) This device may have been added with another device file.
[    28.887] (II) config/udev: Adding input device spice vdagent tablet (/dev/input/js0)
[    28.887] (II) No input driver specified, ignoring this device.
[    28.887] (II) This device may have been added with another device file.
[    28.888] (II) config/udev: Adding input device spice vdagent tablet (/dev/input/mouse2)
[    28.888] (II) No input driver specified, ignoring this device.
[    28.888] (II) This device may have been added with another device file.
[    28.936] (II) config/udev: Adding input device spice vdagent tablet (/dev/input/event4)
[    28.936] (**) spice vdagent tablet: Applying InputClass "libinput pointer catchall"
[    28.936] (II) Using input driver 'libinput' for 'spice vdagent tablet'
[    28.937] (II) systemd-logind: got fd for /dev/input/event4 13:68 fd 39 paused 0
[    28.937] (**) spice vdagent tablet: always reports core events
[    28.937] (**) Option "Device" "/dev/input/event4"
[    28.937] (**) Option "_source" "server/udev"
[    28.937] (II) event4  - spice vdagent tablet: is tagged by udev as: Mouse
[    28.937] (II) event4  - spice vdagent tablet: device is a pointer
[    28.938] (II) event4  - spice vdagent tablet: device removed
[    28.938] (**) Option "config_info" "udev:/sys/devices/virtual/input/input6/event4"
[    28.938] (II) XINPUT: Adding extended input device "spice vdagent tablet" (type: MOUSE, id 10)
[    28.938] (**) Option "AccelerationScheme" "none"
[    28.938] (**) spice vdagent tablet: (accel) selected scheme none/0
[    28.938] (**) spice vdagent tablet: (accel) acceleration factor: 2.000
[    28.938] (**) spice vdagent tablet: (accel) acceleration threshold: 4
[    28.939] (II) event4  - spice vdagent tablet: is tagged by udev as: Mouse
[    28.939] (II) event4  - spice vdagent tablet: device is a pointer
